[debug] [2021-04-26T11:44:07.243Z] ----------------------------------------------------------------------
[debug] [2021-04-26T11:44:07.246Z] Command:       /usr/local/bin/node /usr/local/bin/firebase deploy --only functions
[debug] [2021-04-26T11:44:07.246Z] CLI Version:   9.10.0
[debug] [2021-04-26T11:44:07.246Z] Platform:      darwin
[debug] [2021-04-26T11:44:07.246Z] Node Version:  v14.15.0
[debug] [2021-04-26T11:44:07.248Z] Time:          Mon Apr 26 2021 21:44:07 GMT+1000 (Australian Eastern Standard Time)
[debug] [2021-04-26T11:44:07.248Z] ----------------------------------------------------------------------
[debug] 
[debug] [2021-04-26T11:44:07.260Z] > command requires scopes: ["email","openid","https://www.googleapis.com/auth/cloudplatformprojects.readonly","https://www.googleapis.com/auth/firebase","https://www.googleapis.com/auth/cloud-platform"]
[debug] [2021-04-26T11:44:07.260Z] > authorizing via signed-in user (jonathan.katahanas@gmail.com)
[debug] [2021-04-26T11:44:07.260Z] [iam] checking project wilbur-8fec7 for permissions ["cloudfunctions.functions.create","cloudfunctions.functions.delete","cloudfunctions.functions.get","cloudfunctions.functions.list","cloudfunctions.functions.update","cloudfunctions.operations.get","firebase.projects.get"]
[debug] [2021-04-26T11:44:07.262Z] >>> HTTP REQUEST POST https://cloudresourcemanager.googleapis.com/v1/projects/wilbur-8fec7:testIamPermissions  
 {"permissions":["cloudfunctions.functions.create","cloudfunctions.functions.delete","cloudfunctions.functions.get","cloudfunctions.functions.list","cloudfunctions.functions.update","cloudfunctions.operations.get","firebase.projects.get"]}
[debug] [2021-04-26T11:44:07.636Z] <<< HTTP RESPONSE 200 {"content-type":"application/json; charset=UTF-8","vary":"X-Origin, Referer, Origin,Accept-Encoding","date":"Mon, 26 Apr 2021 11:44:07 GMT","server":"ESF","cache-control":"private","x-xss-protection":"0","x-frame-options":"SAMEORIGIN","x-content-type-options":"nosniff","server-timing":"gfet4t7; dur=195","alt-svc":"h3-29=\":443\"; ma=2592000,h3-T051=\":443\"; ma=2592000,h3-Q050=\":443\"; ma=2592000,h3-Q046=\":443\"; ma=2592000,h3-Q043=\":443\"; ma=2592000,quic=\":443\"; ma=2592000; v=\"46,43\"","accept-ranges":"none","transfer-encoding":"chunked"}
[debug] [2021-04-26T11:44:07.639Z] >>> HTTP REQUEST POST https://iam.googleapis.com/v1/projects/wilbur-8fec7/serviceAccounts/wilbur-8fec7@appspot.gserviceaccount.com:testIamPermissions  
 {"permissions":["iam.serviceAccounts.actAs"]}
[debug] [2021-04-26T11:44:08.057Z] <<< HTTP RESPONSE 200 {"content-type":"application/json; charset=UTF-8","vary":"X-Origin, Referer, Origin,Accept-Encoding","date":"Mon, 26 Apr 2021 11:44:07 GMT","server":"ESF","cache-control":"private","x-xss-protection":"0","x-frame-options":"SAMEORIGIN","x-content-type-options":"nosniff","alt-svc":"h3-29=\":443\"; ma=2592000,h3-T051=\":443\"; ma=2592000,h3-Q050=\":443\"; ma=2592000,h3-Q046=\":443\"; ma=2592000,h3-Q043=\":443\"; ma=2592000,quic=\":443\"; ma=2592000; v=\"46,43\"","accept-ranges":"none","transfer-encoding":"chunked"}
[debug] [2021-04-26T11:44:08.289Z] TypeError [ERR_INVALID_ARG_TYPE]: The "path" argument must be of type string. Received undefined
    at validateString (internal/validators.js:124:11)
    at Object.join (path.js:1039:7)
    at Object.checkFunctionsSDKVersion [as fn] (/usr/local/lib/node_modules/firebase-tools/lib/checkFirebaseSDKVersion.js:34:28)
    at /usr/local/lib/node_modules/firebase-tools/lib/command.js:169:30
    at processTicksAndRejections (internal/process/task_queues.js:93:5)
[error] 
[error] Error: An unexpected error has occurred.
[debug] [2021-04-26T11:44:43.322Z] ----------------------------------------------------------------------
[debug] [2021-04-26T11:44:43.325Z] Command:       /usr/local/bin/node /usr/local/bin/firebase deploy --only functions
[debug] [2021-04-26T11:44:43.325Z] CLI Version:   9.10.0
[debug] [2021-04-26T11:44:43.325Z] Platform:      darwin
[debug] [2021-04-26T11:44:43.325Z] Node Version:  v14.15.0
[debug] [2021-04-26T11:44:43.326Z] Time:          Mon Apr 26 2021 21:44:43 GMT+1000 (Australian Eastern Standard Time)
[debug] [2021-04-26T11:44:43.326Z] ----------------------------------------------------------------------
[debug] 
[debug] [2021-04-26T11:44:43.339Z] > command requires scopes: ["email","openid","https://www.googleapis.com/auth/cloudplatformprojects.readonly","https://www.googleapis.com/auth/firebase","https://www.googleapis.com/auth/cloud-platform"]
[debug] [2021-04-26T11:44:43.340Z] > authorizing via signed-in user (jonathan.katahanas@gmail.com)
[debug] [2021-04-26T11:44:43.340Z] [iam] checking project wilbur-8fec7 for permissions ["cloudfunctions.functions.create","cloudfunctions.functions.delete","cloudfunctions.functions.get","cloudfunctions.functions.list","cloudfunctions.functions.update","cloudfunctions.operations.get","firebase.projects.get"]
[debug] [2021-04-26T11:44:43.343Z] >>> HTTP REQUEST POST https://cloudresourcemanager.googleapis.com/v1/projects/wilbur-8fec7:testIamPermissions  
 {"permissions":["cloudfunctions.functions.create","cloudfunctions.functions.delete","cloudfunctions.functions.get","cloudfunctions.functions.list","cloudfunctions.functions.update","cloudfunctions.operations.get","firebase.projects.get"]}
[debug] [2021-04-26T11:44:44.514Z] <<< HTTP RESPONSE 200 {"content-type":"application/json; charset=UTF-8","vary":"X-Origin, Referer, Origin,Accept-Encoding","date":"Mon, 26 Apr 2021 11:44:44 GMT","server":"ESF","cache-control":"private","x-xss-protection":"0","x-frame-options":"SAMEORIGIN","x-content-type-options":"nosniff","server-timing":"gfet4t7; dur=992","alt-svc":"h3-29=\":443\"; ma=2592000,h3-T051=\":443\"; ma=2592000,h3-Q050=\":443\"; ma=2592000,h3-Q046=\":443\"; ma=2592000,h3-Q043=\":443\"; ma=2592000,quic=\":443\"; ma=2592000; v=\"46,43\"","accept-ranges":"none","transfer-encoding":"chunked"}
[debug] [2021-04-26T11:44:44.516Z] >>> HTTP REQUEST POST https://iam.googleapis.com/v1/projects/wilbur-8fec7/serviceAccounts/wilbur-8fec7@appspot.gserviceaccount.com:testIamPermissions  
 {"permissions":["iam.serviceAccounts.actAs"]}
[debug] [2021-04-26T11:44:44.887Z] <<< HTTP RESPONSE 200 {"content-type":"application/json; charset=UTF-8","vary":"X-Origin, Referer, Origin,Accept-Encoding","date":"Mon, 26 Apr 2021 11:44:44 GMT","server":"ESF","cache-control":"private","x-xss-protection":"0","x-frame-options":"SAMEORIGIN","x-content-type-options":"nosniff","alt-svc":"h3-29=\":443\"; ma=2592000,h3-T051=\":443\"; ma=2592000,h3-Q050=\":443\"; ma=2592000,h3-Q046=\":443\"; ma=2592000,h3-Q043=\":443\"; ma=2592000,quic=\":443\"; ma=2592000; v=\"46,43\"","accept-ranges":"none","transfer-encoding":"chunked"}
[debug] [2021-04-26T11:44:45.113Z] TypeError [ERR_INVALID_ARG_TYPE]: The "path" argument must be of type string. Received undefined
    at validateString (internal/validators.js:124:11)
    at Object.join (path.js:1039:7)
    at Object.checkFunctionsSDKVersion [as fn] (/usr/local/lib/node_modules/firebase-tools/lib/checkFirebaseSDKVersion.js:34:28)
    at /usr/local/lib/node_modules/firebase-tools/lib/command.js:169:30
    at processTicksAndRejections (internal/process/task_queues.js:93:5)
[error] 
[error] Error: An unexpected error has occurred.
